<?xml version="1.0" encoding="UTF-8"?>
<!-- Generated by org.testng.reporters.JUnitXMLReporter -->
<testsuite ignored="0" hostname="DESKTOP-K86P1UV" failures="1" tests="1" name="UI Tests - Chrome" time="12.947" errors="0" timestamp="2021-05-08T07:45:18 IST">
  <testcase classname="uiTests.CalculateVehicleInsurance" name="VehicalInsuranceTest_dataDriven" time="6.781">
    <failure type="java.lang.AssertionError" message="expected [33] but found [255.00]">
      <![CDATA[java.lang.AssertionError: expected [33] but found [255.00]
at uiTests.CalculateVehicleInsurance.VehicalInsuranceTest_dataDriven(CalculateVehicleInsurance.java:40)
at java.base/java.util.ArrayList.forEach(ArrayList.java:1511)
... Removed 37 stack frames]]>
    </failure>
  </testcase> <!-- VehicalInsuranceTest_dataDriven -->
</testsuite> <!-- UI Tests - Chrome -->
